
> @onegenui/react@0.2.0 build /Users/giulioleone/Sviluppo/genUi/json-render/packages/react
> tsup

CLI Building entry: src/index.ts
CLI Using tsconfig: tsconfig.json
CLI tsup v8.5.1
CLI Using tsup config: /Users/giulioleone/Sviluppo/genUi/json-render/packages/react/tsup.config.ts
CLI Target: es2022
CLI Cleaning output folder
CJS Build start
ESM Build start
ESM dist/index.mjs     241.93 KB
ESM dist/index.mjs.map 554.24 KB
ESM ⚡️ Build success in 109ms
CJS dist/index.js     256.57 KB
CJS dist/index.js.map 558.01 KB
CJS ⚡️ Build success in 110ms
DTS Build start
DTS ⚡️ Build success in 1617ms
DTS dist/index.d.ts  87.94 KB
DTS dist/index.d.mts 87.94 KB
